<?xml version="1.0" encoding="UTF-8"?>
<!-- Generated by org.testng.reporters.JUnitReportReporter -->
<testsuite skipped="0" hostname="LAPTOP-SB048Q3R" name="qaclickacademy.RestAPITest" tests="2" failures="0" timestamp="2019-10-12T16:31:43 EDT" time="0.005" errors="0">
  <testcase name="postJira" time="0.002" classname="qaclickacademy.RestAPITest"/>
  <testcase name="deleteTwitter" time="0.003" classname="qaclickacademy.RestAPITest"/>
</testsuite> <!-- qaclickacademy.RestAPITest -->
