<?xml version="1.0" encoding="UTF-8"?>
<!-- Generated by org.testng.reporters.JUnitReportReporter -->
<testsuite skipped="0" hostname="LAPTOP-SB048Q3R" name="qaclickacademy.AppiumTest" tests="2" failures="0" timestamp="2019-10-12T15:23:00 EDT" time="0.013" errors="0">
  <testcase name="nativeAppAndrid" time="0.001" classname="qaclickacademy.AppiumTest"/>
  <testcase name="IOSApps" time="0.012" classname="qaclickacademy.AppiumTest"/>
</testsuite> <!-- qaclickacademy.AppiumTest -->
